Determining if the pthread_create exist failed with the following output:
Change Dir: /home/tejas/Desktop/real-time-object-detection/aisach/CMakeFiles/CMakeTmp

Run Build Command:"/usr/bin/make" "cmTC_bcd92/fast"
/usr/bin/make -f CMakeFiles/cmTC_bcd92.dir/build.make CMakeFiles/cmTC_bcd92.dir/build
make[1]: Entering directory '/home/tejas/Desktop/real-time-object-detection/aisach/CMakeFiles/CMakeTmp'
Building C object CMakeFiles/cmTC_bcd92.dir/CheckSymbolExists.c.o
/usr/bin/cc    -fPIC    -o CMakeFiles/cmTC_bcd92.dir/CheckSymbolExists.c.o   -c /home/tejas/Desktop/real-time-object-detection/aisach/CMakeFiles/CMakeTmp/CheckSymbolExists.c
Linking C executable cmTC_bcd92
/usr/bin/cmake -E cmake_link_script CMakeFiles/cmTC_bcd92.dir/link.txt --verbose=1
/usr/bin/cc  -fPIC     CMakeFiles/cmTC_bcd92.dir/CheckSymbolExists.c.o  -o cmTC_bcd92 -rdynamic 
CMakeFiles/cmTC_bcd92.dir/CheckSymbolExists.c.o: In function `main':
CheckSymbolExists.c:(.text+0x1b): undefined reference to `pthread_create'
collect2: error: ld returned 1 exit status
CMakeFiles/cmTC_bcd92.dir/build.make:97: recipe for target 'cmTC_bcd92' failed
make[1]: *** [cmTC_bcd92] Error 1
make[1]: Leaving directory '/home/tejas/Desktop/real-time-object-detection/aisach/CMakeFiles/CMakeTmp'
Makefile:126: recipe for target 'cmTC_bcd92/fast' failed
make: *** [cmTC_bcd92/fast] Error 2

File /home/tejas/Desktop/real-time-object-detection/aisach/CMakeFiles/CMakeTmp/CheckSymbolExists.c:
/* */
#include <pthread.h>

int main(int argc, char** argv)
{
  (void)argv;
#ifndef pthread_create
  return ((int*)(&pthread_create))[argc];
#else
  (void)argc;
  return 0;
#endif
}

Determining if the function pthread_create exists in the pthreads failed with the following output:
Change Dir: /home/tejas/Desktop/real-time-object-detection/aisach/CMakeFiles/CMakeTmp

Run Build Command:"/usr/bin/make" "cmTC_ead67/fast"
/usr/bin/make -f CMakeFiles/cmTC_ead67.dir/build.make CMakeFiles/cmTC_ead67.dir/build
make[1]: Entering directory '/home/tejas/Desktop/real-time-object-detection/aisach/CMakeFiles/CMakeTmp'
Building C object CMakeFiles/cmTC_ead67.dir/CheckFunctionExists.c.o
/usr/bin/cc    -fPIC -DCHECK_FUNCTION_EXISTS=pthread_create   -o CMakeFiles/cmTC_ead67.dir/CheckFunctionExists.c.o   -c /usr/share/cmake-3.5/Modules/CheckFunctionExists.c
Linking C executable cmTC_ead67
/usr/bin/cmake -E cmake_link_script CMakeFiles/cmTC_ead67.dir/link.txt --verbose=1
/usr/bin/cc  -fPIC -DCHECK_FUNCTION_EXISTS=pthread_create    CMakeFiles/cmTC_ead67.dir/CheckFunctionExists.c.o  -o cmTC_ead67 -rdynamic -lpthreads 
/usr/bin/ld: cannot find -lpthreads
collect2: error: ld returned 1 exit status
CMakeFiles/cmTC_ead67.dir/build.make:97: recipe for target 'cmTC_ead67' failed
make[1]: *** [cmTC_ead67] Error 1
make[1]: Leaving directory '/home/tejas/Desktop/real-time-object-detection/aisach/CMakeFiles/CMakeTmp'
Makefile:126: recipe for target 'cmTC_ead67/fast' failed
make: *** [cmTC_ead67/fast] Error 2


