Determining if the pthread_create exist failed with the following output:
Change Dir: /home/tejas/Desktop/real-time-object-detection/CMakeFiles/CMakeTmp

Run Build Command:"/usr/bin/make" "cmTC_74add/fast"
/usr/bin/make -f CMakeFiles/cmTC_74add.dir/build.make CMakeFiles/cmTC_74add.dir/build
make[1]: Entering directory '/home/tejas/Desktop/real-time-object-detection/CMakeFiles/CMakeTmp'
Building C object CMakeFiles/cmTC_74add.dir/CheckSymbolExists.c.o
/usr/bin/cc    -fPIC    -o CMakeFiles/cmTC_74add.dir/CheckSymbolExists.c.o   -c /home/tejas/Desktop/real-time-object-detection/CMakeFiles/CMakeTmp/CheckSymbolExists.c
Linking C executable cmTC_74add
/usr/bin/cmake -E cmake_link_script CMakeFiles/cmTC_74add.dir/link.txt --verbose=1
/usr/bin/cc  -fPIC     CMakeFiles/cmTC_74add.dir/CheckSymbolExists.c.o  -o cmTC_74add -rdynamic 
CMakeFiles/cmTC_74add.dir/CheckSymbolExists.c.o: In function `main':
CheckSymbolExists.c:(.text+0x1b): undefined reference to `pthread_create'
collect2: error: ld returned 1 exit status
CMakeFiles/cmTC_74add.dir/build.make:97: recipe for target 'cmTC_74add' failed
make[1]: *** [cmTC_74add] Error 1
make[1]: Leaving directory '/home/tejas/Desktop/real-time-object-detection/CMakeFiles/CMakeTmp'
Makefile:126: recipe for target 'cmTC_74add/fast' failed
make: *** [cmTC_74add/fast] Error 2

File /home/tejas/Desktop/real-time-object-detection/CMakeFiles/CMakeTmp/CheckSymbolExists.c:
/* */
#include <pthread.h>

int main(int argc, char** argv)
{
  (void)argv;
#ifndef pthread_create
  return ((int*)(&pthread_create))[argc];
#else
  (void)argc;
  return 0;
#endif
}

Determining if the function pthread_create exists in the pthreads failed with the following output:
Change Dir: /home/tejas/Desktop/real-time-object-detection/CMakeFiles/CMakeTmp

Run Build Command:"/usr/bin/make" "cmTC_8344d/fast"
/usr/bin/make -f CMakeFiles/cmTC_8344d.dir/build.make CMakeFiles/cmTC_8344d.dir/build
make[1]: Entering directory '/home/tejas/Desktop/real-time-object-detection/CMakeFiles/CMakeTmp'
Building C object CMakeFiles/cmTC_8344d.dir/CheckFunctionExists.c.o
/usr/bin/cc    -fPIC -DCHECK_FUNCTION_EXISTS=pthread_create   -o CMakeFiles/cmTC_8344d.dir/CheckFunctionExists.c.o   -c /usr/share/cmake-3.5/Modules/CheckFunctionExists.c
Linking C executable cmTC_8344d
/usr/bin/cmake -E cmake_link_script CMakeFiles/cmTC_8344d.dir/link.txt --verbose=1
/usr/bin/cc  -fPIC -DCHECK_FUNCTION_EXISTS=pthread_create    CMakeFiles/cmTC_8344d.dir/CheckFunctionExists.c.o  -o cmTC_8344d -rdynamic -lpthreads 
/usr/bin/ld: cannot find -lpthreads
collect2: error: ld returned 1 exit status
CMakeFiles/cmTC_8344d.dir/build.make:97: recipe for target 'cmTC_8344d' failed
make[1]: *** [cmTC_8344d] Error 1
make[1]: Leaving directory '/home/tejas/Desktop/real-time-object-detection/CMakeFiles/CMakeTmp'
Makefile:126: recipe for target 'cmTC_8344d/fast' failed
make: *** [cmTC_8344d/fast] Error 2


Determining if the pthread_create exist failed with the following output:
Change Dir: /home/tejas/Desktop/real-time-object-detection/CMakeFiles/CMakeTmp

Run Build Command:"/usr/bin/make" "cmTC_ccd01/fast"
/usr/bin/make -f CMakeFiles/cmTC_ccd01.dir/build.make CMakeFiles/cmTC_ccd01.dir/build
make[1]: Entering directory '/home/tejas/Desktop/real-time-object-detection/CMakeFiles/CMakeTmp'
Building C object CMakeFiles/cmTC_ccd01.dir/CheckSymbolExists.c.o
/usr/bin/cc    -fPIC    -o CMakeFiles/cmTC_ccd01.dir/CheckSymbolExists.c.o   -c /home/tejas/Desktop/real-time-object-detection/CMakeFiles/CMakeTmp/CheckSymbolExists.c
Linking C executable cmTC_ccd01
/usr/bin/cmake -E cmake_link_script CMakeFiles/cmTC_ccd01.dir/link.txt --verbose=1
/usr/bin/cc  -fPIC     CMakeFiles/cmTC_ccd01.dir/CheckSymbolExists.c.o  -o cmTC_ccd01 -rdynamic 
CMakeFiles/cmTC_ccd01.dir/CheckSymbolExists.c.o: In function `main':
CheckSymbolExists.c:(.text+0x1b): undefined reference to `pthread_create'
collect2: error: ld returned 1 exit status
CMakeFiles/cmTC_ccd01.dir/build.make:97: recipe for target 'cmTC_ccd01' failed
make[1]: *** [cmTC_ccd01] Error 1
make[1]: Leaving directory '/home/tejas/Desktop/real-time-object-detection/CMakeFiles/CMakeTmp'
Makefile:126: recipe for target 'cmTC_ccd01/fast' failed
make: *** [cmTC_ccd01/fast] Error 2

File /home/tejas/Desktop/real-time-object-detection/CMakeFiles/CMakeTmp/CheckSymbolExists.c:
/* */
#include <pthread.h>

int main(int argc, char** argv)
{
  (void)argv;
#ifndef pthread_create
  return ((int*)(&pthread_create))[argc];
#else
  (void)argc;
  return 0;
#endif
}

Determining if the function pthread_create exists in the pthreads failed with the following output:
Change Dir: /home/tejas/Desktop/real-time-object-detection/CMakeFiles/CMakeTmp

Run Build Command:"/usr/bin/make" "cmTC_70515/fast"
/usr/bin/make -f CMakeFiles/cmTC_70515.dir/build.make CMakeFiles/cmTC_70515.dir/build
make[1]: Entering directory '/home/tejas/Desktop/real-time-object-detection/CMakeFiles/CMakeTmp'
Building C object CMakeFiles/cmTC_70515.dir/CheckFunctionExists.c.o
/usr/bin/cc    -fPIC -DCHECK_FUNCTION_EXISTS=pthread_create   -o CMakeFiles/cmTC_70515.dir/CheckFunctionExists.c.o   -c /usr/share/cmake-3.5/Modules/CheckFunctionExists.c
Linking C executable cmTC_70515
/usr/bin/cmake -E cmake_link_script CMakeFiles/cmTC_70515.dir/link.txt --verbose=1
/usr/bin/cc  -fPIC -DCHECK_FUNCTION_EXISTS=pthread_create    CMakeFiles/cmTC_70515.dir/CheckFunctionExists.c.o  -o cmTC_70515 -rdynamic -lpthreads 
/usr/bin/ld: cannot find -lpthreads
collect2: error: ld returned 1 exit status
CMakeFiles/cmTC_70515.dir/build.make:97: recipe for target 'cmTC_70515' failed
make[1]: *** [cmTC_70515] Error 1
make[1]: Leaving directory '/home/tejas/Desktop/real-time-object-detection/CMakeFiles/CMakeTmp'
Makefile:126: recipe for target 'cmTC_70515/fast' failed
make: *** [cmTC_70515/fast] Error 2


